2024-03-15 01:21:08 DEBUG - Got browser profile options from settings file: 
{disable-popup-blocking=true, profile.default_content_settings.popups=0, download.prompt_for_download=false, intl.accept_languages=en, safebrowsing.enabled=true, download.default_directory=./src/test/resources}
2024-03-15 01:21:08 DEBUG - Got browser logging preferences from settings file: 
{Performance=All}
2024-03-15 01:21:17 DEBUG - Set '15' timeout in seconds for loading of pages
2024-03-15 01:21:17 DEBUG - Set '15' timeout in seconds for loading of pages
2024-03-15 01:21:17 DEBUG - Set async javascript execution timeout '10' in seconds
2024-03-15 01:21:17 DEBUG - Set async javascript execution timeout '10' in seconds
2024-03-15 01:21:17 INFO  - Browser 'CHROME' ready...
2024-03-15 01:21:17 INFO  - Browser 'CHROME' ready...
2024-03-15 01:21:17 INFO  - Maximizing browser window
2024-03-15 01:21:17 INFO  - Maximizing browser window
2024-03-15 01:21:18 INFO  - Navigate to url - 'https://the-internet.herokuapp.com'
2024-03-15 01:21:18 INFO  - Navigate to url - 'https://the-internet.herokuapp.com'
2024-03-15 01:21:21 INFO  - Link 'Sortable Data Tables' :: Clicking
2024-03-15 01:21:22 INFO  - Link 'JavaScript Alerts' :: Clicking
2024-03-15 01:21:22 INFO  - Button 'Click for JS alert' :: Clicking
2024-03-15 01:21:22 INFO  - Label 'due 1' :: Getting text from element
2024-03-15 01:21:22 INFO  - Accepting browser alert
2024-03-15 01:21:22 INFO  - Label 'due 1' :: Element's text: [$50.00]
2024-03-15 01:21:22 INFO  - Label 'due 2' :: Getting text from element
2024-03-15 01:21:22 INFO  - Closing browser
2024-03-15 01:21:22 INFO  - Label 'due 2' :: Element's text: [$51.00]
2024-03-15 01:21:22 INFO  - Label 'due 3' :: Getting text from element
2024-03-15 01:21:22 INFO  - Label 'due 3' :: Element's text: [$100.00]
2024-03-15 01:21:22 INFO  - Label 'due 4' :: Getting text from element
2024-03-15 01:21:23 INFO  - Label 'due 4' :: Element's text: [$50.00]
2024-03-15 01:21:23 INFO  - Closing browser
2024-03-31 17:41:30 DEBUG - Got browser profile options from settings file: 
{disable-popup-blocking=true, profile.default_content_settings.popups=0, download.prompt_for_download=false, intl.accept_languages=en, safebrowsing.enabled=true, download.default_directory=./src/test/resources}
2024-03-31 17:41:30 DEBUG - Got browser logging preferences from settings file: 
{Performance=All}
2024-03-31 17:41:33 DEBUG - Got browser profile options from settings file: 
{disable-popup-blocking=true, profile.default_content_settings.popups=0, download.prompt_for_download=false, intl.accept_languages=en, safebrowsing.enabled=true, download.default_directory=./src/test/resources}
2024-03-31 17:41:33 DEBUG - Got browser profile options from settings file: 
{disable-popup-blocking=true, profile.default_content_settings.popups=0, download.prompt_for_download=false, intl.accept_languages=en, safebrowsing.enabled=true, download.default_directory=./src/test/resources}
2024-03-31 17:41:33 DEBUG - Got browser logging preferences from settings file: 
{Performance=All}
2024-03-31 17:41:33 DEBUG - Got browser logging preferences from settings file: 
{Performance=All}
2024-03-31 17:41:35 DEBUG - Got browser profile options from settings file: 
{disable-popup-blocking=true, profile.default_content_settings.popups=0, download.prompt_for_download=false, intl.accept_languages=en, safebrowsing.enabled=true, download.default_directory=./src/test/resources}
2024-03-31 17:41:35 DEBUG - Got browser logging preferences from settings file: 
{Performance=All}
2024-03-31 17:41:35 DEBUG - Got browser profile options from settings file: 
{disable-popup-blocking=true, profile.default_content_settings.popups=0, download.prompt_for_download=false, intl.accept_languages=en, safebrowsing.enabled=true, download.default_directory=./src/test/resources}
2024-03-31 17:41:35 DEBUG - Got browser logging preferences from settings file: 
{Performance=All}
2024-03-31 17:41:37 DEBUG - Got browser profile options from settings file: 
{disable-popup-blocking=true, profile.default_content_settings.popups=0, download.prompt_for_download=false, intl.accept_languages=en, safebrowsing.enabled=true, download.default_directory=./src/test/resources}
2024-03-31 17:41:37 DEBUG - Got browser logging preferences from settings file: 
{Performance=All}
2024-03-31 17:41:37 DEBUG - Got browser profile options from settings file: 
{disable-popup-blocking=true, profile.default_content_settings.popups=0, download.prompt_for_download=false, intl.accept_languages=en, safebrowsing.enabled=true, download.default_directory=./src/test/resources}
2024-03-31 17:41:37 DEBUG - Got browser logging preferences from settings file: 
{Performance=All}
2024-03-31 17:41:39 DEBUG - Got browser profile options from settings file: 
{disable-popup-blocking=true, profile.default_content_settings.popups=0, download.prompt_for_download=false, intl.accept_languages=en, safebrowsing.enabled=true, download.default_directory=./src/test/resources}
2024-03-31 17:41:39 DEBUG - Got browser logging preferences from settings file: 
{Performance=All}
2024-03-31 17:41:40 DEBUG - Got browser profile options from settings file: 
{disable-popup-blocking=true, profile.default_content_settings.popups=0, download.prompt_for_download=false, intl.accept_languages=en, safebrowsing.enabled=true, download.default_directory=./src/test/resources}
2024-03-31 17:41:40 DEBUG - Got browser logging preferences from settings file: 
{Performance=All}
2024-03-31 17:41:41 DEBUG - Got browser profile options from settings file: 
{disable-popup-blocking=true, profile.default_content_settings.popups=0, download.prompt_for_download=false, intl.accept_languages=en, safebrowsing.enabled=true, download.default_directory=./src/test/resources}
2024-03-31 17:41:41 DEBUG - Got browser logging preferences from settings file: 
{Performance=All}
2024-03-31 17:41:41 DEBUG - Got browser profile options from settings file: 
{disable-popup-blocking=true, profile.default_content_settings.popups=0, download.prompt_for_download=false, intl.accept_languages=en, safebrowsing.enabled=true, download.default_directory=./src/test/resources}
2024-03-31 17:41:42 DEBUG - Got browser logging preferences from settings file: 
{Performance=All}
